{"/home/matv99v/Koding/Projects/mocha-test/src/Timer.js":{"path":"/home/matv99v/Koding/Projects/mocha-test/src/Timer.js","s":{"1":3,"2":3,"3":3,"4":3,"5":3,"6":3,"7":3,"8":3,"9":3,"10":3,"11":11,"12":7,"13":4,"14":3,"15":3,"16":1},"b":{"1":[3,2],"2":[3,0],"3":[3,0],"4":[7,4]},"f":{"1":3,"2":3,"3":3,"4":11,"5":3},"fnMap":{"1":{"name":"(anonymous_1)","line":4,"loc":{"start":{"line":4,"column":15},"end":{"line":4,"column":33}}},"2":{"name":"(anonymous_2)","line":10,"loc":{"start":{"line":10,"column":9},"end":{"line":10,"column":12}}},"3":{"name":"(anonymous_3)","line":17,"loc":{"start":{"line":17,"column":8},"end":{"line":17,"column":11}}},"4":{"name":"(anonymous_4)","line":25,"loc":{"start":{"line":25,"column":16},"end":{"line":25,"column":19}}},"5":{"name":"(anonymous_5)","line":32,"loc":{"start":{"line":32,"column":9},"end":{"line":32,"column":12}}}},"statementMap":{"1":{"start":{"line":5,"column":8},"end":{"line":5,"column":31}},"2":{"start":{"line":6,"column":8},"end":{"line":6,"column":27}},"3":{"start":{"line":7,"column":8},"end":{"line":7,"column":52}},"4":{"start":{"line":11,"column":8},"end":{"line":13,"column":9}},"5":{"start":{"line":12,"column":12},"end":{"line":12,"column":40}},"6":{"start":{"line":14,"column":8},"end":{"line":14,"column":30}},"7":{"start":{"line":18,"column":8},"end":{"line":22,"column":9}},"8":{"start":{"line":19,"column":12},"end":{"line":19,"column":35}},"9":{"start":{"line":20,"column":12},"end":{"line":20,"column":66}},"10":{"start":{"line":21,"column":12},"end":{"line":21,"column":31}},"11":{"start":{"line":26,"column":8},"end":{"line":28,"column":9}},"12":{"start":{"line":27,"column":12},"end":{"line":27,"column":70}},"13":{"start":{"line":29,"column":8},"end":{"line":29,"column":36}},"14":{"start":{"line":33,"column":8},"end":{"line":33,"column":36}},"15":{"start":{"line":34,"column":8},"end":{"line":34,"column":33}},"16":{"start":{"line":38,"column":0},"end":{"line":38,"column":23}}},"branchMap":{"1":{"line":7,"type":"binary-expr","locations":[{"start":{"line":7,"column":31},"end":{"line":7,"column":46}},{"start":{"line":7,"column":50},"end":{"line":7,"column":51}}]},"2":{"line":11,"type":"if","locations":[{"start":{"line":11,"column":8},"end":{"line":11,"column":8}},{"start":{"line":11,"column":8},"end":{"line":11,"column":8}}]},"3":{"line":18,"type":"if","locations":[{"start":{"line":18,"column":8},"end":{"line":18,"column":8}},{"start":{"line":18,"column":8},"end":{"line":18,"column":8}}]},"4":{"line":26,"type":"if","locations":[{"start":{"line":26,"column":8},"end":{"line":26,"column":8}},{"start":{"line":26,"column":8},"end":{"line":26,"column":8}}]}}},"/home/matv99v/Koding/Projects/mocha-test/src/validator-matveev.js":{"path":"/home/matv99v/Koding/Projects/mocha-test/src/validator-matveev.js","s":{"1":1,"2":33,"3":33,"4":33,"5":71,"6":71,"7":71,"8":71,"9":71,"10":101,"11":101,"12":25,"13":101,"14":8,"15":33,"16":1,"17":33,"18":33,"19":1,"20":33,"21":22,"22":1},"b":{"1":[71,0],"2":[25,76],"3":[8,93],"4":[101,76],"5":[1,32],"6":[1,32],"7":[22,11]},"f":{"1":33},"fnMap":{"1":{"name":"validateRegistrationData","line":3,"loc":{"start":{"line":3,"column":0},"end":{"line":3,"column":44}}}},"statementMap":{"1":{"start":{"line":3,"column":0},"end":{"line":148,"column":1}},"2":{"start":{"line":4,"column":4},"end":{"line":4,"column":22}},"3":{"start":{"line":6,"column":4},"end":{"line":117,"column":6}},"4":{"start":{"line":120,"column":4},"end":{"line":134,"column":5}},"5":{"start":{"line":121,"column":8},"end":{"line":133,"column":9}},"6":{"start":{"line":122,"column":12},"end":{"line":122,"column":63}},"7":{"start":{"line":123,"column":12},"end":{"line":123,"column":54}},"8":{"start":{"line":124,"column":12},"end":{"line":124,"column":56}},"9":{"start":{"line":127,"column":12},"end":{"line":132,"column":15}},"10":{"start":{"line":129,"column":16},"end":{"line":129,"column":68}},"11":{"start":{"line":130,"column":16},"end":{"line":130,"column":62}},"12":{"start":{"line":130,"column":31},"end":{"line":130,"column":62}},"13":{"start":{"line":131,"column":16},"end":{"line":131,"column":79}},"14":{"start":{"line":131,"column":50},"end":{"line":131,"column":79}},"15":{"start":{"line":137,"column":4},"end":{"line":139,"column":5}},"16":{"start":{"line":138,"column":8},"end":{"line":138,"column":58}},"17":{"start":{"line":142,"column":4},"end":{"line":142,"column":78}},"18":{"start":{"line":143,"column":4},"end":{"line":145,"column":5}},"19":{"start":{"line":144,"column":8},"end":{"line":144,"column":57}},"20":{"start":{"line":147,"column":4},"end":{"line":147,"column":50}},"21":{"start":{"line":147,"column":36},"end":{"line":147,"column":50}},"22":{"start":{"line":150,"column":0},"end":{"line":150,"column":44}}},"branchMap":{"1":{"line":121,"type":"if","locations":[{"start":{"line":121,"column":8},"end":{"line":121,"column":8}},{"start":{"line":121,"column":8},"end":{"line":121,"column":8}}]},"2":{"line":130,"type":"if","locations":[{"start":{"line":130,"column":16},"end":{"line":130,"column":16}},{"start":{"line":130,"column":16},"end":{"line":130,"column":16}}]},"3":{"line":131,"type":"if","locations":[{"start":{"line":131,"column":16},"end":{"line":131,"column":16}},{"start":{"line":131,"column":16},"end":{"line":131,"column":16}}]},"4":{"line":131,"type":"binary-expr","locations":[{"start":{"line":131,"column":20},"end":{"line":131,"column":28}},{"start":{"line":131,"column":32},"end":{"line":131,"column":48}}]},"5":{"line":137,"type":"if","locations":[{"start":{"line":137,"column":4},"end":{"line":137,"column":4}},{"start":{"line":137,"column":4},"end":{"line":137,"column":4}}]},"6":{"line":143,"type":"if","locations":[{"start":{"line":143,"column":4},"end":{"line":143,"column":4}},{"start":{"line":143,"column":4},"end":{"line":143,"column":4}}]},"7":{"line":147,"type":"if","locations":[{"start":{"line":147,"column":4},"end":{"line":147,"column":4}},{"start":{"line":147,"column":4},"end":{"line":147,"column":4}}]}}}}