TN:
SF:/home/matv99v/Koding/Projects/mocha-test/src/Timer.js
FN:4,(anonymous_1)
FN:10,(anonymous_2)
FN:17,(anonymous_3)
FN:25,(anonymous_4)
FN:32,(anonymous_5)
FNF:5
FNH:5
FNDA:3,(anonymous_1)
FNDA:3,(anonymous_2)
FNDA:3,(anonymous_3)
FNDA:11,(anonymous_4)
FNDA:3,(anonymous_5)
DA:5,3
DA:6,3
DA:7,3
DA:11,3
DA:12,3
DA:14,3
DA:18,3
DA:19,3
DA:20,3
DA:21,3
DA:26,11
DA:27,7
DA:29,4
DA:33,3
DA:34,3
DA:38,1
LF:16
LH:16
BRDA:7,1,0,3
BRDA:7,1,1,2
BRDA:11,2,0,3
BRDA:11,2,1,0
BRDA:18,3,0,3
BRDA:18,3,1,0
BRDA:26,4,0,7
BRDA:26,4,1,4
BRF:8
BRH:6
end_of_record
TN:
SF:/home/matv99v/Koding/Projects/mocha-test/src/validator-matveev.js
FN:3,validateRegistrationData
FNF:1
FNH:1
FNDA:33,validateRegistrationData
DA:3,1
DA:4,33
DA:6,33
DA:120,33
DA:121,71
DA:122,71
DA:123,71
DA:124,71
DA:127,71
DA:129,101
DA:130,101
DA:131,101
DA:137,33
DA:138,1
DA:142,33
DA:143,33
DA:144,1
DA:147,33
DA:150,1
LF:19
LH:19
BRDA:121,1,0,71
BRDA:121,1,1,0
BRDA:130,2,0,25
BRDA:130,2,1,76
BRDA:131,3,0,8
BRDA:131,3,1,93
BRDA:131,4,0,101
BRDA:131,4,1,76
BRDA:137,5,0,1
BRDA:137,5,1,32
BRDA:143,6,0,1
BRDA:143,6,1,32
BRDA:147,7,0,22
BRDA:147,7,1,11
BRF:14
BRH:13
end_of_record
